A51 MACRO ASSEMBLER  LOGI                                                                 07/25/2025 10:18:03 PAGE     1


MACRO ASSEMBLER A51 V8.2.7.0
OBJECT MODULE PLACED IN .\Objects\LOGI.obj
ASSEMBLER INVOKED BY: C:\Users\notty\Keil_v5\C51\BIN\A51.EXE LOGI.ASM SET(SMALL) DEBUG PRINT(.\Listings\LOGI.lst) OBJECT
                      (.\Objects\LOGI.obj) EP

LOC  OBJ            LINE     SOURCE

0000                   1     ORG 00H
0000 7867              2     MOV R0,#67H
0002 7405              3     MOV A,#05H
0004 58                4     ANL A,R0
0005 F520              5     MOV 20H,A
0007 7445              6     MOV A,#45H
0009 48                7     ORL A,R0
000A F521              8     MOV 21H,A
000C 7404              9     MOV A,#04H
000E 7445             10     MOV A,#45H
0010 68               11     XRL A,R0
0011 F522             12     MOV 22H,A
0013 7416             13     MOV A,#16H
0015 F4               14     CPL A
0016 F523             15     MOV 23H,A
0018 C4               16     SWAP A
0019 F524             17     MOV 24H,A
001B 7404             18     MOV A,#04H
001D 03               19     RR A
001E F525             20     MOV 25H,A
0020 23               21     RL A
0021 F526             22     MOV 26H,A
                      23     END
A51 MACRO ASSEMBLER  LOGI                                                                 07/25/2025 10:18:03 PAGE     2

SYMBOL TABLE LISTING
------ ----- -------


N A M E             T Y P E  V A L U E   ATTRIBUTES



REGISTER BANK(S) USED: 0 


ASSEMBLY COMPLETE.  0 WARNING(S), 0 ERROR(S)
